<?xml version="1.0" encoding="UTF-8"?>
<!-- Generated by org.testng.reporters.JUnitReportReporter -->
<testsuite skipped="0" hostname="A2ML12885" name="assignment.module9.AssignmentModule9" tests="3" failures="0" timestamp="30 May 2018 14:54:46 GMT" time="38.761" errors="0">
  <testcase name="testBookTicket" time="22.037" classname="assignment.module9.AssignmentModule9"/>
  <testcase name="testLaunchingDropbox" time="9.953" classname="assignment.module9.AssignmentModule9"/>
  <testcase name="testLaunchingDropbox" time="6.771" classname="assignment.module9.AssignmentModule9"/>
</testsuite> <!-- assignment.module9.AssignmentModule9 -->
