<?xml version="1.0" encoding="UTF-8"?>
<!-- Generated by org.testng.reporters.JUnitReportReporter -->
<testsuite skipped="0" hostname="A2ML12885" name="practice.assignment11.AppTest" tests="1" failures="0" timestamp="02 Jun 2018 14:29:41 GMT" time="0.061" errors="0">
  <testcase name="shouldAnswerWithTrue" time="0.061" classname="practice.assignment11.AppTest"/>
</testsuite> <!-- practice.assignment11.AppTest -->
