<?xml version="1.0" encoding="UTF-8"?>
<testsuite xmlns:xsi="http://www.w3.org/2001/XMLSchema-instance" xsi:noNamespaceSchemaLocation="https://maven.apache.org/surefire/maven-surefire-plugin/xsd/surefire-test-report.xsd" name="practice.assignment11.AppTest" time="0.964" tests="1" errors="0" skipped="0" failures="0">
  <properties>
    <property name="sun.desktop" value="windows"/>
    <property name="awt.toolkit" value="sun.awt.windows.WToolkit"/>
    <property name="file.encoding.pkg" value="sun.io"/>
    <property name="java.specification.version" value="1.8"/>
    <property name="sun.cpu.isalist" value="amd64"/>
    <property name="sun.jnu.encoding" value="Cp1252"/>
    <property name="java.class.path" value="D:\201 Courses\Selenium_practice\Workspace\Assignement11\target\test-classes;D:\201 Courses\Selenium_practice\Workspace\Assignement11\target\classes;C:\Maven\Repository\junit\junit\4.12\junit-4.12.jar;C:\Maven\Repository\org\hamcrest\hamcrest-core\1.3\hamcrest-core-1.3.jar;C:\Maven\Repository\org\seleniumhq\selenium\selenium-server\3.11.0\selenium-server-3.11.0.jar;C:\Maven\Repository\org\seleniumhq\selenium\selenium-java\3.11.0\selenium-java-3.11.0.jar;C:\Maven\Repository\org\seleniumhq\selenium\selenium-api\3.11.0\selenium-api-3.11.0.jar;C:\Maven\Repository\org\seleniumhq\selenium\selenium-chrome-driver\3.11.0\selenium-chrome-driver-3.11.0.jar;C:\Maven\Repository\org\seleniumhq\selenium\selenium-edge-driver\3.11.0\selenium-edge-driver-3.11.0.jar;C:\Maven\Repository\org\seleniumhq\selenium\selenium-firefox-driver\3.11.0\selenium-firefox-driver-3.11.0.jar;C:\Maven\Repository\org\seleniumhq\selenium\selenium-ie-driver\3.11.0\selenium-ie-driver-3.11.0.jar;C:\Maven\Repository\org\seleniumhq\selenium\selenium-opera-driver\3.11.0\selenium-opera-driver-3.11.0.jar;C:\Maven\Repository\org\seleniumhq\selenium\selenium-remote-driver\3.11.0\selenium-remote-driver-3.11.0.jar;C:\Maven\Repository\org\seleniumhq\selenium\selenium-safari-driver\3.11.0\selenium-safari-driver-3.11.0.jar;C:\Maven\Repository\org\seleniumhq\selenium\selenium-support\3.11.0\selenium-support-3.11.0.jar;C:\Maven\Repository\com\beust\jcommander\1.72\jcommander-1.72.jar;C:\Maven\Repository\net\bytebuddy\byte-buddy\1.7.9\byte-buddy-1.7.9.jar;C:\Maven\Repository\org\apache\commons\commons-exec\1.3\commons-exec-1.3.jar;C:\Maven\Repository\org\apache\commons\commons-lang3\3.7\commons-lang3-3.7.jar;C:\Maven\Repository\org\apache\commons\commons-text\1.1\commons-text-1.1.jar;C:\Maven\Repository\commons-codec\commons-codec\1.10\commons-codec-1.10.jar;C:\Maven\Repository\commons-io\commons-io\2.6\commons-io-2.6.jar;C:\Maven\Repository\commons-logging\commons-logging\1.2\commons-logging-1.2.jar;C:\Maven\Repository\commons-net\commons-net\3.6\commons-net-3.6.jar;C:\Maven\Repository\org\w3c\css\sac\1.3\sac-1.3.jar;C:\Maven\Repository\net\sourceforge\cssparser\cssparser\0.9.24\cssparser-0.9.24.jar;C:\Maven\Repository\com\google\code\gson\gson\2.8.2\gson-2.8.2.jar;C:\Maven\Repository\com\google\guava\guava\23.6-jre\guava-23.6-jre.jar;C:\Maven\Repository\com\google\code\findbugs\jsr305\1.3.9\jsr305-1.3.9.jar;C:\Maven\Repository\org\checkerframework\checker-compat-qual\2.0.0\checker-compat-qual-2.0.0.jar;C:\Maven\Repository\com\google\errorprone\error_prone_annotations\2.1.3\error_prone_annotations-2.1.3.jar;C:\Maven\Repository\com\google\j2objc\j2objc-annotations\1.1\j2objc-annotations-1.1.jar;C:\Maven\Repository\org\codehaus\mojo\animal-sniffer-annotations\1.14\animal-sniffer-annotations-1.14.jar;C:\Maven\Repository\net\sourceforge\htmlunit\htmlunit\2.29\htmlunit-2.29.jar;C:\Maven\Repository\net\sourceforge\htmlunit\htmlunit-core-js\2.28\htmlunit-core-js-2.28.jar;C:\Maven\Repository\net\sourceforge\htmlunit\neko-htmlunit\2.28\neko-htmlunit-2.28.jar;C:\Maven\Repository\org\apache\httpcomponents\httpclient\4.5.3\httpclient-4.5.3.jar;C:\Maven\Repository\org\apache\httpcomponents\httpcore\4.4.6\httpcore-4.4.6.jar;C:\Maven\Repository\org\apache\httpcomponents\httpmime\4.5.3\httpmime-4.5.3.jar;C:\Maven\Repository\net\jcip\jcip-annotations\1.0\jcip-annotations-1.0.jar;C:\Maven\Repository\org\seleniumhq\selenium\jetty-repacked\9.4.7.v20171121\jetty-repacked-9.4.7.v20171121.jar;C:\Maven\Repository\org\eclipse\jetty\jetty-client\9.4.7.v20170914\jetty-client-9.4.7.v20170914.jar;C:\Maven\Repository\org\eclipse\jetty\jetty-http\9.4.8.v20171121\jetty-http-9.4.8.v20171121.jar;C:\Maven\Repository\org\eclipse\jetty\jetty-io\9.4.8.v20171121\jetty-io-9.4.8.v20171121.jar;C:\Maven\Repository\org\eclipse\jetty\jetty-util\9.4.8.v20171121\jetty-util-9.4.8.v20171121.jar;C:\Maven\Repository\org\eclipse\jetty\jetty-xml\9.4.7.v20170914\jetty-xml-9.4.7.v20170914.jar;C:\Maven\Repository\com\squareup\okhttp3\okhttp\3.9.1\okhttp-3.9.1.jar;C:\Maven\Repository\com\squareup\okio\okio\1.13.0\okio-1.13.0.jar;C:\Maven\Repository\org\seleniumhq\selenium\htmlunit-driver\2.29.0\htmlunit-driver-2.29.0.jar;C:\Maven\Repository\javax\servlet\javax.servlet-api\3.1.0\javax.servlet-api-3.1.0.jar;C:\Maven\Repository\org\eclipse\jetty\websocket\websocket-api\9.4.7.v20170914\websocket-api-9.4.7.v20170914.jar;C:\Maven\Repository\org\eclipse\jetty\websocket\websocket-client\9.4.7.v20170914\websocket-client-9.4.7.v20170914.jar;C:\Maven\Repository\org\eclipse\jetty\websocket\websocket-common\9.4.7.v20170914\websocket-common-9.4.7.v20170914.jar;C:\Maven\Repository\xalan\serializer\2.7.2\serializer-2.7.2.jar;C:\Maven\Repository\xalan\xalan\2.7.2\xalan-2.7.2.jar;C:\Maven\Repository\xerces\xercesImpl\2.11.0\xercesImpl-2.11.0.jar;C:\Maven\Repository\xml-apis\xml-apis\1.4.01\xml-apis-1.4.01.jar;C:\Maven\Repository\org\yaml\snakeyaml\1.19\snakeyaml-1.19.jar;C:\Maven\Repository\org\testng\testng\6.14.3\testng-6.14.3.jar;C:\Maven\Repository\org\apache-extras\beanshell\bsh\2.0b6\bsh-2.0b6.jar;C:\Maven\Repository\org\apache\poi\poi\3.7\poi-3.7.jar;C:\Maven\Repository\org\apache\maven\surefire\surefire-testng-utils\2.20.1\surefire-testng-utils-2.20.1.jar;C:\Maven\Repository\org\apache\maven\surefire\surefire-grouper\2.20.1\surefire-grouper-2.20.1.jar;"/>
    <property name="java.vm.vendor" value="Oracle Corporation"/>
    <property name="sun.arch.data.model" value="64"/>
    <property name="user.variant" value=""/>
    <property name="java.vendor.url" value="http://java.oracle.com/"/>
    <property name="user.timezone" value=""/>
    <property name="java.vm.specification.version" value="1.8"/>
    <property name="os.name" value="Windows 10"/>
    <property name="user.country" value="US"/>
    <property name="sun.java.launcher" value="SUN_STANDARD"/>
    <property name="sun.boot.library.path" value="C:\Program Files\Java\jdk1.8.0_144\jre\bin"/>
    <property name="sun.java.command" value="C:\Users\M1030608\AppData\Local\Temp\surefire6797759516519126080\surefirebooter3127080755016620598.jar C:\Users\M1030608\AppData\Local\Temp\surefire6797759516519126080 2018-06-02T19-59-35_520-jvmRun1 surefire7301368500339496105tmp surefire_06628410873189739248tmp"/>
    <property name="surefire.test.class.path" value="D:\201 Courses\Selenium_practice\Workspace\Assignement11\target\test-classes;D:\201 Courses\Selenium_practice\Workspace\Assignement11\target\classes;C:\Maven\Repository\junit\junit\4.12\junit-4.12.jar;C:\Maven\Repository\org\hamcrest\hamcrest-core\1.3\hamcrest-core-1.3.jar;C:\Maven\Repository\org\seleniumhq\selenium\selenium-server\3.11.0\selenium-server-3.11.0.jar;C:\Maven\Repository\org\seleniumhq\selenium\selenium-java\3.11.0\selenium-java-3.11.0.jar;C:\Maven\Repository\org\seleniumhq\selenium\selenium-api\3.11.0\selenium-api-3.11.0.jar;C:\Maven\Repository\org\seleniumhq\selenium\selenium-chrome-driver\3.11.0\selenium-chrome-driver-3.11.0.jar;C:\Maven\Repository\org\seleniumhq\selenium\selenium-edge-driver\3.11.0\selenium-edge-driver-3.11.0.jar;C:\Maven\Repository\org\seleniumhq\selenium\selenium-firefox-driver\3.11.0\selenium-firefox-driver-3.11.0.jar;C:\Maven\Repository\org\seleniumhq\selenium\selenium-ie-driver\3.11.0\selenium-ie-driver-3.11.0.jar;C:\Maven\Repository\org\seleniumhq\selenium\selenium-opera-driver\3.11.0\selenium-opera-driver-3.11.0.jar;C:\Maven\Repository\org\seleniumhq\selenium\selenium-remote-driver\3.11.0\selenium-remote-driver-3.11.0.jar;C:\Maven\Repository\org\seleniumhq\selenium\selenium-safari-driver\3.11.0\selenium-safari-driver-3.11.0.jar;C:\Maven\Repository\org\seleniumhq\selenium\selenium-support\3.11.0\selenium-support-3.11.0.jar;C:\Maven\Repository\com\beust\jcommander\1.72\jcommander-1.72.jar;C:\Maven\Repository\net\bytebuddy\byte-buddy\1.7.9\byte-buddy-1.7.9.jar;C:\Maven\Repository\org\apache\commons\commons-exec\1.3\commons-exec-1.3.jar;C:\Maven\Repository\org\apache\commons\commons-lang3\3.7\commons-lang3-3.7.jar;C:\Maven\Repository\org\apache\commons\commons-text\1.1\commons-text-1.1.jar;C:\Maven\Repository\commons-codec\commons-codec\1.10\commons-codec-1.10.jar;C:\Maven\Repository\commons-io\commons-io\2.6\commons-io-2.6.jar;C:\Maven\Repository\commons-logging\commons-logging\1.2\commons-logging-1.2.jar;C:\Maven\Repository\commons-net\commons-net\3.6\commons-net-3.6.jar;C:\Maven\Repository\org\w3c\css\sac\1.3\sac-1.3.jar;C:\Maven\Repository\net\sourceforge\cssparser\cssparser\0.9.24\cssparser-0.9.24.jar;C:\Maven\Repository\com\google\code\gson\gson\2.8.2\gson-2.8.2.jar;C:\Maven\Repository\com\google\guava\guava\23.6-jre\guava-23.6-jre.jar;C:\Maven\Repository\com\google\code\findbugs\jsr305\1.3.9\jsr305-1.3.9.jar;C:\Maven\Repository\org\checkerframework\checker-compat-qual\2.0.0\checker-compat-qual-2.0.0.jar;C:\Maven\Repository\com\google\errorprone\error_prone_annotations\2.1.3\error_prone_annotations-2.1.3.jar;C:\Maven\Repository\com\google\j2objc\j2objc-annotations\1.1\j2objc-annotations-1.1.jar;C:\Maven\Repository\org\codehaus\mojo\animal-sniffer-annotations\1.14\animal-sniffer-annotations-1.14.jar;C:\Maven\Repository\net\sourceforge\htmlunit\htmlunit\2.29\htmlunit-2.29.jar;C:\Maven\Repository\net\sourceforge\htmlunit\htmlunit-core-js\2.28\htmlunit-core-js-2.28.jar;C:\Maven\Repository\net\sourceforge\htmlunit\neko-htmlunit\2.28\neko-htmlunit-2.28.jar;C:\Maven\Repository\org\apache\httpcomponents\httpclient\4.5.3\httpclient-4.5.3.jar;C:\Maven\Repository\org\apache\httpcomponents\httpcore\4.4.6\httpcore-4.4.6.jar;C:\Maven\Repository\org\apache\httpcomponents\httpmime\4.5.3\httpmime-4.5.3.jar;C:\Maven\Repository\net\jcip\jcip-annotations\1.0\jcip-annotations-1.0.jar;C:\Maven\Repository\org\seleniumhq\selenium\jetty-repacked\9.4.7.v20171121\jetty-repacked-9.4.7.v20171121.jar;C:\Maven\Repository\org\eclipse\jetty\jetty-client\9.4.7.v20170914\jetty-client-9.4.7.v20170914.jar;C:\Maven\Repository\org\eclipse\jetty\jetty-http\9.4.8.v20171121\jetty-http-9.4.8.v20171121.jar;C:\Maven\Repository\org\eclipse\jetty\jetty-io\9.4.8.v20171121\jetty-io-9.4.8.v20171121.jar;C:\Maven\Repository\org\eclipse\jetty\jetty-util\9.4.8.v20171121\jetty-util-9.4.8.v20171121.jar;C:\Maven\Repository\org\eclipse\jetty\jetty-xml\9.4.7.v20170914\jetty-xml-9.4.7.v20170914.jar;C:\Maven\Repository\com\squareup\okhttp3\okhttp\3.9.1\okhttp-3.9.1.jar;C:\Maven\Repository\com\squareup\okio\okio\1.13.0\okio-1.13.0.jar;C:\Maven\Repository\org\seleniumhq\selenium\htmlunit-driver\2.29.0\htmlunit-driver-2.29.0.jar;C:\Maven\Repository\javax\servlet\javax.servlet-api\3.1.0\javax.servlet-api-3.1.0.jar;C:\Maven\Repository\org\eclipse\jetty\websocket\websocket-api\9.4.7.v20170914\websocket-api-9.4.7.v20170914.jar;C:\Maven\Repository\org\eclipse\jetty\websocket\websocket-client\9.4.7.v20170914\websocket-client-9.4.7.v20170914.jar;C:\Maven\Repository\org\eclipse\jetty\websocket\websocket-common\9.4.7.v20170914\websocket-common-9.4.7.v20170914.jar;C:\Maven\Repository\xalan\serializer\2.7.2\serializer-2.7.2.jar;C:\Maven\Repository\xalan\xalan\2.7.2\xalan-2.7.2.jar;C:\Maven\Repository\xerces\xercesImpl\2.11.0\xercesImpl-2.11.0.jar;C:\Maven\Repository\xml-apis\xml-apis\1.4.01\xml-apis-1.4.01.jar;C:\Maven\Repository\org\yaml\snakeyaml\1.19\snakeyaml-1.19.jar;C:\Maven\Repository\org\testng\testng\6.14.3\testng-6.14.3.jar;C:\Maven\Repository\org\apache-extras\beanshell\bsh\2.0b6\bsh-2.0b6.jar;C:\Maven\Repository\org\apache\poi\poi\3.7\poi-3.7.jar;C:\Maven\Repository\org\apache\maven\surefire\surefire-testng-utils\2.20.1\surefire-testng-utils-2.20.1.jar;C:\Maven\Repository\org\apache\maven\surefire\surefire-grouper\2.20.1\surefire-grouper-2.20.1.jar;"/>
    <property name="sun.cpu.endian" value="little"/>
    <property name="user.home" value="C:\Users\M1030608"/>
    <property name="user.language" value="en"/>
    <property name="java.specification.vendor" value="Oracle Corporation"/>
    <property name="java.home" value="C:\Program Files\Java\jdk1.8.0_144\jre"/>
    <property name="basedir" value="D:\201 Courses\Selenium_practice\Workspace\Assignement11"/>
    <property name="file.separator" value="\"/>
    <property name="line.separator" value="&#10;"/>
    <property name="java.vm.specification.vendor" value="Oracle Corporation"/>
    <property name="java.specification.name" value="Java Platform API Specification"/>
    <property name="java.awt.graphicsenv" value="sun.awt.Win32GraphicsEnvironment"/>
    <property name="surefire.real.class.path" value="C:\Users\M1030608\AppData\Local\Temp\surefire6797759516519126080\surefirebooter3127080755016620598.jar"/>
    <property name="sun.boot.class.path" value="C:\Program Files\Java\jdk1.8.0_144\jre\lib\resources.jar;C:\Program Files\Java\jdk1.8.0_144\jre\lib\rt.jar;C:\Program Files\Java\jdk1.8.0_144\jre\lib\sunrsasign.jar;C:\Program Files\Java\jdk1.8.0_144\jre\lib\jsse.jar;C:\Program Files\Java\jdk1.8.0_144\jre\lib\jce.jar;C:\Program Files\Java\jdk1.8.0_144\jre\lib\charsets.jar;C:\Program Files\Java\jdk1.8.0_144\jre\lib\jfr.jar;C:\Program Files\Java\jdk1.8.0_144\jre\classes"/>
    <property name="user.script" value=""/>
    <property name="sun.management.compiler" value="HotSpot 64-Bit Tiered Compilers"/>
    <property name="java.runtime.version" value="1.8.0_144-b01"/>
    <property name="user.name" value="M1030608"/>
    <property name="path.separator" value=";"/>
    <property name="os.version" value="10.0"/>
    <property name="java.endorsed.dirs" value="C:\Program Files\Java\jdk1.8.0_144\jre\lib\endorsed"/>
    <property name="java.runtime.name" value="Java(TM) SE Runtime Environment"/>
    <property name="file.encoding" value="Cp1252"/>
    <property name="java.vm.name" value="Java HotSpot(TM) 64-Bit Server VM"/>
    <property name="localRepository" value="C:\Maven\Repository"/>
    <property name="java.vendor.url.bug" value="http://bugreport.sun.com/bugreport/"/>
    <property name="java.io.tmpdir" value="C:\Users\M1030608\AppData\Local\Temp\"/>
    <property name="java.version" value="1.8.0_144"/>
    <property name="user.dir" value="D:\201 Courses\Selenium_practice\Workspace\Assignement11"/>
    <property name="os.arch" value="amd64"/>
    <property name="java.vm.specification.name" value="Java Virtual Machine Specification"/>
    <property name="java.awt.printerjob" value="sun.awt.windows.WPrinterJob"/>
    <property name="sun.os.patch.level" value=""/>
    <property name="java.library.path" value="C:\Program Files\Java\jdk1.8.0_144\jre\bin;C:\WINDOWS\Sun\Java\bin;C:\WINDOWS\system32;C:\WINDOWS;C:/Program Files/Java/jre1.8.0_151/bin/server;C:/Program Files/Java/jre1.8.0_151/bin;C:/Program Files/Java/jre1.8.0_151/lib/amd64;C:\ProgramData\Oracle\Java\javapath;C:\WINDOWS\system32;C:\WINDOWS;C:\WINDOWS\System32\Wbem;C:\WINDOWS\System32\WindowsPowerShell\v1.0\;C:\Program Files\MySQL\MySQL Utilities 1.6\;C:\Program Files\TortoiseSVN\bin;C:\Maven\apache-maven-3.5.0\bin;C:\Program Files\Java\jdk1.8.0_144\bin;C:\Program Files\nodejs\;C:\php;D:\mobiwatch\Sdk\platform-tools;C:\Program Files\MySQL\MySQL Server 5.7\bin;C:\Users\M1030608\AppData\Local\Programs\Python\Python36;C:\Users\M1030608\AppData\Local\Programs\Python\Python36\Lib\site-packages;C:\Users\M1030608\AppData\Local\Programs\Python\Python36\Lib;C:\Users\M1030608\AppData\Local\Programs\Python\Python36\DLLs;C:\Users\M1030608\AppData\Local\Programs\Python\Python36\Lib\lib-tk;C:\Users\M1030608\AppData\Local\Programs\Python\Python36\Scripts;C:\Program Files (x86)\HP\Virtual User Generator\strawberry-perl\perl\bin;C:\Users\M1030608\AppData\Local\Programs\Python\Python36\Scripts\;C:\Users\M1030608\AppData\Local\Programs\Python\Python36\;C:\ProgramData\Oracle\Java\javapath;C:\windows\system32;C:\windows;C:\windows\System32\Wbem;C:\windows\System32\WindowsPowerShell\v1.0\;C:\Program Files\MySQL\MySQL Utilities 1.6\;C:\Program Files\TortoiseSVN\bin;C:\Program Files\nodejs\;C:\Maven\apache-maven-3.5.0\bin;C:\Program Files\Java\jdk1.8.0_144\bin;C:/php;C:\Users\M1030608\AppData\Roaming\npm;C:\Fiddler;C:\Users\M1030608\AppData\Local\Programs\Python\Python36\libs;%USERPROFILE%\AppData\Local\Microsoft\WindowsApps;;C:\Eclipse\eclipse-jee-mars-R-win32-x86_64\eclipse;;."/>
    <property name="java.vm.info" value="mixed mode"/>
    <property name="java.vendor" value="Oracle Corporation"/>
    <property name="java.vm.version" value="25.144-b01"/>
    <property name="java.ext.dirs" value="C:\Program Files\Java\jdk1.8.0_144\jre\lib\ext;C:\WINDOWS\Sun\Java\lib\ext"/>
    <property name="sun.io.unicode.encoding" value="UnicodeLittle"/>
    <property name="java.class.version" value="52.0"/>
  </properties>
  <testcase name="shouldAnswerWithTrue on shouldAnswerWithTrue(practice.assignment11.AppTest)" classname="practice.assignment11.AppTest" time="0.002"/>
</testsuite>