<?xml version="1.0" encoding="UTF-8"?>
<!-- Generated by org.testng.reporters.JUnitReportReporter -->
<testsuite skipped="0" hostname="A2ML29334" name="demo.test.NewTest" tests="1" failures="0" timestamp="22 Mar 2019 17:50:15 GMT" time="0.005" errors="0">
  <testcase name="f" time="0.005" classname="demo.test.NewTest"/>
</testsuite> <!-- demo.test.NewTest -->
