<?xml version="1.0" encoding="UTF-8"?>
<!-- Generated by org.testng.reporters.JUnitReportReporter -->
<testsuite skipped="0" hostname="A2ML29334" name="assignments.tests.Question1" tests="2" failures="0" timestamp="14 Jul 2019 09:17:14 GMT" time="6.795" errors="0">
  <testcase name="searchCountriesWithCountryName" time="4.633" classname="assignments.tests.Question1"/>
  <testcase name="searchCountriesWithIsoCode" time="2.162" classname="assignments.tests.Question1"/>
</testsuite> <!-- assignments.tests.Question1 -->
