<?xml version="1.0" encoding="UTF-8"?>
<!-- Generated by org.testng.reporters.JUnitReportReporter -->
<testsuite skipped="0" hostname="A2ML29334" name="assignments.tests.Question2" tests="1" failures="0" timestamp="14 Jul 2019 09:17:14 GMT" time="1.974" errors="0">
  <testcase name="searchCurrencyOfCountry" time="1.974" classname="assignments.tests.Question2"/>
</testsuite> <!-- assignments.tests.Question2 -->
