<?xml version="1.0" encoding="UTF-8"?>
<!-- Generated by org.testng.reporters.JUnitReportReporter -->
<testsuite skipped="0" hostname="A2ML12885" name="assignment.module10.AssignmentModule10" tests="2" failures="0" timestamp="02 Jun 2018 13:08:05 GMT" time="51.856" errors="0">
  <testcase name="validateCredentialsTest" time="9.690" classname="assignment.module10.AssignmentModule10"/>
  <testcase name="testBarnesNobel" time="42.166" classname="assignment.module10.AssignmentModule10"/>
</testsuite> <!-- assignment.module10.AssignmentModule10 -->
