<?xml version="1.0" encoding="UTF-8"?>
<!-- Generated by org.testng.reporters.JUnitReportReporter -->
<testsuite skipped="0" hostname="A2ML12885" name="project.test.ValidateUserTest" tests="1" failures="0" timestamp="07 Jun 2018 20:31:25 GMT" time="4.531" errors="0">
  <testcase name="validateCredentialsTest" time="4.531" classname="project.test.ValidateUserTest"/>
</testsuite> <!-- project.test.ValidateUserTest -->
