<?xml version="1.0" encoding="UTF-8"?>
<!-- Generated by org.testng.reporters.JUnitReportReporter -->
<testsuite skipped="0" hostname="A2ML12885" name="project.test.ValidateFlightBookingsTest" tests="1" failures="0" timestamp="07 Jun 2018 20:31:25 GMT" time="19.066" errors="0">
  <testcase name="testFlightBookings" time="19.066" classname="project.test.ValidateFlightBookingsTest"/>
</testsuite> <!-- project.test.ValidateFlightBookingsTest -->
