<?xml version="1.0" encoding="UTF-8"?>
<!-- Generated by org.testng.reporters.JUnitReportReporter -->
<testsuite skipped="0" hostname="A2ML29334" name="first_test.TestNGSample2" tests="2" failures="0" timestamp="13 May 2019 01:36:22 GMT" time="0.002" errors="0">
  <testcase name="test1" time="0.001" classname="first_test.TestNGSample2"/>
  <testcase name="test2" time="0.001" classname="first_test.TestNGSample2"/>
</testsuite> <!-- first_test.TestNGSample2 -->
