<?xml version="1.0" encoding="UTF-8"?>
<!-- Generated by org.testng.reporters.JUnitReportReporter -->
<testsuite skipped="0" hostname="A2ML29334" name="project.test.ValidateFlightBookingsTest" tests="1" failures="0" timestamp="10 May 2019 14:39:02 GMT" time="21.914" errors="0">
  <testcase name="testFlightBookings" time="21.914" classname="project.test.ValidateFlightBookingsTest"/>
</testsuite> <!-- project.test.ValidateFlightBookingsTest -->
