<?xml version="1.0" encoding="UTF-8"?>
<!-- Generated by org.testng.reporters.JUnitReportReporter -->
<testsuite skipped="0" hostname="A2ML12885" name="project.test.DemoautTest" tests="1" failures="0" timestamp="07 Jun 2018 18:37:13 GMT" time="4.774" errors="0">
  <testcase name="validateCredentialsTest" time="4.774" classname="project.test.DemoautTest"/>
</testsuite> <!-- project.test.DemoautTest -->
