<?xml version="1.0" encoding="UTF-8"?>
<!-- Generated by org.testng.reporters.JUnitReportReporter -->
<testsuite skipped="0" hostname="A2ML29334" name="tests.HomePage" tests="4" failures="0" timestamp="16 May 2019 12:30:56 GMT" time="6.710" errors="0">
  <testcase name="testTitleOfPage" time="1.038" classname="tests.HomePage"/>
  <testcase name="testTitleOfPage" time="0.424" classname="tests.HomePage"/>
  <testcase name="testOpenAccountWorking" time="2.779" classname="tests.HomePage"/>
  <testcase name="testOpenAccountWorking" time="2.469" classname="tests.HomePage"/>
</testsuite> <!-- tests.HomePage -->
