<?xml version="1.0" encoding="UTF-8"?>
<!-- Generated by org.testng.reporters.JUnitReportReporter -->
<testsuite skipped="0" hostname="A2ML29334" name="com.practice.NewTest" tests="3" failures="0" timestamp="09 May 2019 16:43:29 GMT" time="0.007" errors="0">
  <testcase name="test3" time="0.001" classname="com.practice.NewTest"/>
  <testcase name="test1" time="0.004" classname="com.practice.NewTest"/>
  <testcase name="test2" time="0.002" classname="com.practice.NewTest"/>
</testsuite> <!-- com.practice.NewTest -->
